<?xml version="1.0" encoding="UTF-8"?>
<coverage generated="1785680469237" clover="3.2.0">
  <project timestamp="1785680469237" name="All files">
    <metrics statements="21" coveredstatements="21" conditionals="12" coveredconditionals="10" methods="6" coveredmethods="5" elements="39" coveredelements="36" complexity="0" loc="21" ncloc="21" packages="2" files="4" classes="4"/>
    <package name="navigation">
      <metrics statements="9" coveredstatements="9" conditionals="10" coveredconditionals="9" methods="4" coveredmethods="3"/>
      <file name="GlobalFab.tsx" path="/Users/duylinhdang/Documents/Github/9learning/ai-assistant/frontend/src/navigation/GlobalFab.tsx">
        <metrics statements="4" coveredstatements="4" conditionals="4" coveredconditionals="4" methods="3" coveredmethods="2"/>
        <line num="16" count="3" type="stmt"/>
        <line num="19" count="3" type="cond" truecount="4" falsecount="0"/>
        <line num="21" count="2" type="stmt"/>
        <line num="26" count="1" type="stmt"/>
      </file>
      <file name="routeUtils.ts" path="/Users/duylinhdang/Documents/Github/9learning/ai-assistant/frontend/src/navigation/routeUtils.ts">
        <metrics statements="5" coveredstatements="5" conditionals="6" coveredconditionals="5" methods="1" coveredmethods="1"/>
        <line num="23" count="11" type="cond" truecount="2" falsecount="0"/>
        <line num="24" count="10" type="stmt"/>
        <line num="25" count="10" type="cond" truecount="1" falsecount="1"/>
        <line num="26" count="10" type="cond" truecount="2" falsecount="0"/>
        <line num="27" count="5" type="stmt"/>
      </file>
    </package>
    <package name="ui">
      <metrics statements="12" coveredstatements="12" conditionals="2" coveredconditionals="1" methods="2" coveredmethods="2"/>
      <file name="NewChatFab.tsx" path="/Users/duylinhdang/Documents/Github/9learning/ai-assistant/frontend/src/ui/NewChatFab.tsx">
        <metrics statements="5" coveredstatements="5" conditionals="2" coveredconditionals="1" methods="2" coveredmethods="2"/>
        <line num="17" count="1" type="stmt"/>
        <line num="20" count="5" type="stmt"/>
        <line num="22" count="5" type="stmt"/>
        <line num="28" count="5" type="stmt"/>
        <line num="42" count="1" type="stmt"/>
      </file>
      <file name="theme.ts" path="/Users/duylinhdang/Documents/Github/9learning/ai-assistant/frontend/src/ui/theme.ts">
        <metrics statements="7" coveredstatements="7" conditionals="0" coveredconditionals="0" methods="0" coveredmethods="0"/>
        <line num="12" count="1" type="stmt"/>
        <line num="22" count="1" type="stmt"/>
        <line num="56" count="1" type="stmt"/>
        <line num="87" count="1" type="stmt"/>
        <line num="98" count="1" type="stmt"/>
        <line num="107" count="1" type="stmt"/>
        <line num="133" count="1" type="stmt"/>
      </file>
    </package>
  </project>
</coverage>
