{"/Users/duylinhdang/Documents/Github/9learning/ai-assistant/frontend/src/navigation/GlobalFab.tsx": {"path":"/Users/duylinhdang/Documents/Github/9learning/ai-assistant/frontend/src/navigation/GlobalFab.tsx","statementMap":{"0":{"start":{"line":16,"column":20},"end":{"line":16,"column":82}},"1":{"start":{"line":16,"column":46},"end":{"line":16,"column":81}},"2":{"start":{"line":19,"column":2},"end":{"line":19,"column":54}},"3":{"start":{"line":19,"column":42},"end":{"line":19,"column":54}},"4":{"start":{"line":21,"column":2},"end":{"line":29,"column":4}},"5":{"start":{"line":26,"column":8},"end":{"line":26,"column":85}}},"fnMap":{"0":{"name":"GlobalFab","decl":{"start":{"line":12,"column":16},"end":{"line":12,"column":25}},"loc":{"start":{"line":12,"column":28},"end":{"line":30,"column":1}},"line":12},"1":{"name":"(anonymous_1)","decl":{"start":{"line":16,"column":39},"end":{"line":16,"column":40}},"loc":{"start":{"line":16,"column":46},"end":{"line":16,"column":81}},"line":16},"2":{"name":"(anonymous_2)","decl":{"start":{"line":23,"column":15},"end":{"line":23,"column":16}},"loc":{"start":{"line":23,"column":21},"end":{"line":27,"column":7}},"line":23}},"branchMap":{"0":{"loc":{"start":{"line":19,"column":2},"end":{"line":19,"column":54}},"type":"if","locations":[{"start":{"line":19,"column":2},"end":{"line":19,"column":54}},{"start":{},"end":{}}],"line":19},"1":{"loc":{"start":{"line":19,"column":6},"end":{"line":19,"column":40}},"type":"binary-expr","locations":[{"start":{"line":19,"column":6},"end":{"line":19,"column":16}},{"start":{"line":19,"column":20},"end":{"line":19,"column":40}}],"line":19}},"s":{"0":3,"1":0,"2":3,"3":1,"4":2,"5":1},"f":{"0":3,"1":0,"2":1},"b":{"0":[1,2],"1":[3,3]},"_coverageSchema":"1a1c01bbd47fc00a2c39e90264f33305004495a9","hash":"f2bc401e43bc65422118947b39fa4cff19d2ebe6"}
,"/Users/duylinhdang/Documents/Github/9learning/ai-assistant/frontend/src/navigation/routeUtils.ts": {"path":"/Users/duylinhdang/Documents/Github/9learning/ai-assistant/frontend/src/navigation/routeUtils.ts","statementMap":{"0":{"start":{"line":23,"column":2},"end":{"line":23,"column":31}},"1":{"start":{"line":23,"column":14},"end":{"line":23,"column":31}},"2":{"start":{"line":24,"column":17},"end":{"line":24,"column":42}},"3":{"start":{"line":25,"column":2},"end":{"line":25,"column":32}},"4":{"start":{"line":25,"column":15},"end":{"line":25,"column":32}},"5":{"start":{"line":26,"column":2},"end":{"line":26,"column":60}},"6":{"start":{"line":26,"column":20},"end":{"line":26,"column":60}},"7":{"start":{"line":27,"column":2},"end":{"line":27,"column":21}}},"fnMap":{"0":{"name":"getActiveLeafRoute","decl":{"start":{"line":22,"column":16},"end":{"line":22,"column":34}},"loc":{"start":{"line":22,"column":86},"end":{"line":28,"column":1}},"line":22}},"branchMap":{"0":{"loc":{"start":{"line":23,"column":2},"end":{"line":23,"column":31}},"type":"if","locations":[{"start":{"line":23,"column":2},"end":{"line":23,"column":31}},{"start":{},"end":{}}],"line":23},"1":{"loc":{"start":{"line":25,"column":2},"end":{"line":25,"column":32}},"type":"if","locations":[{"start":{"line":25,"column":2},"end":{"line":25,"column":32}},{"start":{},"end":{}}],"line":25},"2":{"loc":{"start":{"line":26,"column":2},"end":{"line":26,"column":60}},"type":"if","locations":[{"start":{"line":26,"column":2},"end":{"line":26,"column":60}},{"start":{},"end":{}}],"line":26}},"s":{"0":11,"1":1,"2":10,"3":10,"4":0,"5":10,"6":5,"7":5},"f":{"0":11},"b":{"0":[1,10],"1":[0,10],"2":[5,5]},"_coverageSchema":"1a1c01bbd47fc00a2c39e90264f33305004495a9","hash":"d3211d07a9907c294d93f465cbee495a01fdcde5"}
,"/Users/duylinhdang/Documents/Github/9learning/ai-assistant/frontend/src/ui/NewChatFab.tsx": {"path":"/Users/duylinhdang/Documents/Github/9learning/ai-assistant/frontend/src/ui/NewChatFab.tsx","statementMap":{"0":{"start":{"line":17,"column":17},"end":{"line":17,"column":19}},"1":{"start":{"line":20,"column":17},"end":{"line":20,"column":36}},"2":{"start":{"line":22,"column":2},"end":{"line":39,"column":4}},"3":{"start":{"line":28,"column":30},"end":{"line":35,"column":7}},"4":{"start":{"line":42,"column":15},"end":{"line":56,"column":2}}},"fnMap":{"0":{"name":"NewChatFab","decl":{"start":{"line":19,"column":16},"end":{"line":19,"column":26}},"loc":{"start":{"line":19,"column":47},"end":{"line":40,"column":1}},"line":19},"1":{"name":"(anonymous_1)","decl":{"start":{"line":28,"column":13},"end":{"line":28,"column":14}},"loc":{"start":{"line":28,"column":30},"end":{"line":35,"column":7}},"line":28}},"branchMap":{"0":{"loc":{"start":{"line":34,"column":8},"end":{"line":34,"column":33}},"type":"binary-expr","locations":[{"start":{"line":34,"column":8},"end":{"line":34,"column":15}},{"start":{"line":34,"column":19},"end":{"line":34,"column":33}}],"line":34}},"s":{"0":1,"1":5,"2":5,"3":5,"4":1},"f":{"0":5,"1":5},"b":{"0":[5,0]},"_coverageSchema":"1a1c01bbd47fc00a2c39e90264f33305004495a9","hash":"35f8916e3f68f7535248746751a695c4a5788fc5"}
,"/Users/duylinhdang/Documents/Github/9learning/ai-assistant/frontend/src/ui/theme.ts": {"path":"/Users/duylinhdang/Documents/Github/9learning/ai-assistant/frontend/src/ui/theme.ts","statementMap":{"0":{"start":{"line":12,"column":21},"end":{"line":18,"column":10}},"1":{"start":{"line":22,"column":22},"end":{"line":53,"column":10}},"2":{"start":{"line":56,"column":26},"end":{"line":84,"column":10}},"3":{"start":{"line":87,"column":23},"end":{"line":95,"column":10}},"4":{"start":{"line":98,"column":22},"end":{"line":104,"column":10}},"5":{"start":{"line":107,"column":22},"end":{"line":129,"column":10}},"6":{"start":{"line":133,"column":20},"end":{"line":145,"column":10}}},"fnMap":{},"branchMap":{},"s":{"0":1,"1":1,"2":1,"3":1,"4":1,"5":1,"6":1},"f":{},"b":{},"_coverageSchema":"1a1c01bbd47fc00a2c39e90264f33305004495a9","hash":"d14a3531534d9a8d1c7e436b35eae54fadcdfa57"}
}
