TN:
SF:src/navigation/GlobalFab.tsx
FN:12,GlobalFab
FN:16,(anonymous_1)
FN:23,(anonymous_2)
FNF:3
FNH:2
FNDA:3,GlobalFab
FNDA:0,(anonymous_1)
FNDA:1,(anonymous_2)
DA:16,3
DA:19,3
DA:21,2
DA:26,1
LF:4
LH:4
BRDA:19,0,0,1
BRDA:19,0,1,2
BRDA:19,1,0,3
BRDA:19,1,1,3
BRF:4
BRH:4
end_of_record
TN:
SF:src/navigation/routeUtils.ts
FN:22,getActiveLeafRoute
FNF:1
FNH:1
FNDA:11,getActiveLeafRoute
DA:23,11
DA:24,10
DA:25,10
DA:26,10
DA:27,5
LF:5
LH:5
BRDA:23,0,0,1
BRDA:23,0,1,10
BRDA:25,1,0,0
BRDA:25,1,1,10
BRDA:26,2,0,5
BRDA:26,2,1,5
BRF:6
BRH:5
end_of_record
TN:
SF:src/ui/NewChatFab.tsx
FN:19,NewChatFab
FN:28,(anonymous_1)
FNF:2
FNH:2
FNDA:5,NewChatFab
FNDA:5,(anonymous_1)
DA:17,1
DA:20,5
DA:22,5
DA:28,5
DA:42,1
LF:5
LH:5
BRDA:34,0,0,5
BRDA:34,0,1,0
BRF:2
BRH:1
end_of_record
TN:
SF:src/ui/theme.ts
FNF:0
FNH:0
DA:12,1
DA:22,1
DA:56,1
DA:87,1
DA:98,1
DA:107,1
DA:133,1
LF:7
LH:7
BRF:0
BRH:0
end_of_record
